<?xml version="1.0" encoding="UTF-8"?>
<testsuite name="spring.MemberRepositoryTest" tests="1" skipped="0" failures="0" errors="0" timestamp="2023-07-03T05:37:18" hostname="shseos-mbp.local" time="0.116">
  <properties/>
  <testcase name="testMember()" classname="spring.MemberRepositoryTest" time="0.116"/>
  <system-out><![CDATA[2023-07-03T14:37:18.781+09:00  INFO 8436 --- [    Test worker] t.c.s.AnnotationConfigContextLoaderUtils : Could not detect default configuration classes for test class [spring.MemberRepositoryTest]: MemberRepositoryTest does not declare any static, non-private, non-final, nested classes annotated with @Configuration.
2023-07-03T14:37:18.782+09:00  INFO 8436 --- [    Test worker] .b.t.c.SpringBootTestContextBootstrapper : Found @SpringBootConfiguration spring.Main for test class spring.MemberRepositoryTest
2023-07-03T14:37:18.829+09:00 DEBUG 8436 --- [    Test worker] org.hibernate.SQL                        : 
    select
        next value for member_seq
Hibernate: 
    select
        next value for member_seq
2023-07-03T14:37:18.831+09:00  INFO 8436 --- [    Test worker] p6spy                                    : #1688362638831 | took 0ms | statement | connection 5| url jdbc:h2:mem:testdb
select next value for member_seq
select next value for member_seq;
2023-07-03T14:37:18.900+09:00  INFO 8436 --- [    Test worker] p6spy                                    : #1688362638900 | took 0ms | rollback | connection 5| url jdbc:h2:mem:testdb

;
]]></system-out>
  <system-err><![CDATA[]]></system-err>
</testsuite>
