<?xml version="1.0" encoding="UTF-8"?>
<testsuite name="spring.MainTest" tests="1" skipped="0" failures="0" errors="0" timestamp="2023-07-03T05:37:18" hostname="shseos-mbp.local" time="0.593">
  <properties/>
  <testcase name="contextLoads()" classname="spring.MainTest" time="0.593"/>
  <system-out><![CDATA[14:37:14.970 [Test worker] INFO org.springframework.test.context.support.AnnotationConfigContextLoaderUtils -- Could not detect default configuration classes for test class [spring.MainTest]: MainTest does not declare any static, non-private, non-final, nested classes annotated with @Configuration.
14:37:15.073 [Test worker] INFO org.springframework.boot.test.context.SpringBootTestContextBootstrapper -- Found @SpringBootConfiguration spring.Main for test class spring.MainTest

  .   ____          _            __ _ _
 /\\ / ___'_ __ _ _(_)_ __  __ _ \ \ \ \
( ( )\___ | '_ | '_| | '_ \/ _` | \ \ \ \
 \\/  ___)| |_)| | | | | || (_| |  ) ) ) )
  '  |____| .__|_| |_|_| |_\__, | / / / /
 =========|_|==============|___/=/_/_/_/
 :: Spring Boot ::                (v3.1.0)

2023-07-03T14:37:15.441+09:00  INFO 8436 --- [    Test worker] spring.MainTest                          : Starting MainTest using Java 17.0.7 with PID 8436 (started by grooo in /Users/grooo/Documents/workspace/bootStudy)
2023-07-03T14:37:15.442+09:00  INFO 8436 --- [    Test worker] spring.MainTest                          : No active profile set, falling back to 1 default profile: "default"
2023-07-03T14:37:15.948+09:00  INFO 8436 --- [    Test worker] .s.d.r.c.RepositoryConfigurationDelegate : Bootstrapping Spring Data JPA repositories in DEFAULT mode.
2023-07-03T14:37:15.968+09:00  INFO 8436 --- [    Test worker] .s.d.r.c.RepositoryConfigurationDelegate : Finished Spring Data repository scanning in 11 ms. Found 0 JPA repository interfaces.
2023-07-03T14:37:16.385+09:00  INFO 8436 --- [    Test worker] o.hibernate.jpa.internal.util.LogHelper  : HHH000204: Processing PersistenceUnitInfo [name: default]
2023-07-03T14:37:16.423+09:00  INFO 8436 --- [    Test worker] org.hibernate.Version                    : HHH000412: Hibernate ORM core version 6.2.2.Final
2023-07-03T14:37:16.425+09:00  INFO 8436 --- [    Test worker] org.hibernate.cfg.Environment            : HHH000406: Using bytecode reflection optimizer
2023-07-03T14:37:16.550+09:00  INFO 8436 --- [    Test worker] o.h.b.i.BytecodeProviderInitiator        : HHH000021: Bytecode provider name : bytebuddy
2023-07-03T14:37:16.740+09:00  INFO 8436 --- [    Test worker] o.s.o.j.p.SpringPersistenceUnitInfo      : No LoadTimeWeaver setup: ignoring JPA class transformer
2023-07-03T14:37:16.757+09:00  INFO 8436 --- [    Test worker] com.zaxxer.hikari.HikariDataSource       : HikariPool-1 - Starting...
2023-07-03T14:37:16.931+09:00  INFO 8436 --- [    Test worker] com.zaxxer.hikari.pool.HikariPool        : HikariPool-1 - Added connection conn0: url=jdbc:h2:mem:testdb user=SA
2023-07-03T14:37:16.933+09:00  INFO 8436 --- [    Test worker] com.zaxxer.hikari.HikariDataSource       : HikariPool-1 - Start completed.
2023-07-03T14:37:16.965+09:00  INFO 8436 --- [    Test worker] org.hibernate.orm.dialect                : HHH035001: Using dialect: org.hibernate.dialect.H2Dialect, version: 2.1.214
2023-07-03T14:37:17.147+09:00  INFO 8436 --- [    Test worker] p6spy                                    : #1688362637147 | took 7ms | statement | connection 1| url jdbc:h2:mem:testdb
select * from INFORMATION_SCHEMA.SEQUENCES
select * from INFORMATION_SCHEMA.SEQUENCES;
2023-07-03T14:37:17.159+09:00  INFO 8436 --- [    Test worker] o.h.b.i.BytecodeProviderInitiator        : HHH000021: Bytecode provider name : bytebuddy
2023-07-03T14:37:17.641+09:00  INFO 8436 --- [    Test worker] o.h.e.t.j.p.i.JtaPlatformInitiator       : HHH000490: Using JtaPlatform implementation: [org.hibernate.engine.transaction.jta.platform.internal.NoJtaPlatform]
2023-07-03T14:37:17.656+09:00 DEBUG 8436 --- [    Test worker] org.hibernate.SQL                        : 
    drop table if exists member cascade 
Hibernate: 
    drop table if exists member cascade 
2023-07-03T14:37:17.659+09:00  INFO 8436 --- [    Test worker] p6spy                                    : #1688362637659 | took 1ms | statement | connection 2| url jdbc:h2:mem:testdb

    drop table if exists member cascade 

    drop table if exists member cascade ;
2023-07-03T14:37:17.660+09:00 DEBUG 8436 --- [    Test worker] org.hibernate.SQL                        : 
    drop sequence if exists member_seq
Hibernate: 
    drop sequence if exists member_seq
2023-07-03T14:37:17.660+09:00  INFO 8436 --- [    Test worker] p6spy                                    : #1688362637660 | took 0ms | statement | connection 2| url jdbc:h2:mem:testdb

    drop sequence if exists member_seq

    drop sequence if exists member_seq;
2023-07-03T14:37:17.667+09:00 DEBUG 8436 --- [    Test worker] org.hibernate.SQL                        : 
    create sequence member_seq start with 1 increment by 50
Hibernate: 
    create sequence member_seq start with 1 increment by 50
2023-07-03T14:37:17.670+09:00  INFO 8436 --- [    Test worker] p6spy                                    : #1688362637670 | took 1ms | statement | connection 3| url jdbc:h2:mem:testdb

    create sequence member_seq start with 1 increment by 50

    create sequence member_seq start with 1 increment by 50;
2023-07-03T14:37:17.672+09:00 DEBUG 8436 --- [    Test worker] org.hibernate.SQL                        : 
    create table member (
        id bigint not null,
        username varchar(255),
        primary key (id)
    )
Hibernate: 
    create table member (
        id bigint not null,
        username varchar(255),
        primary key (id)
    )
2023-07-03T14:37:17.676+09:00  INFO 8436 --- [    Test worker] p6spy                                    : #1688362637676 | took 3ms | statement | connection 3| url jdbc:h2:mem:testdb

    create table member (
        id bigint not null,
        username varchar(255),
        primary key (id)
    )

    create table member (
        id bigint not null,
        username varchar(255),
        primary key (id)
    );
2023-07-03T14:37:17.678+09:00  INFO 8436 --- [    Test worker] o.h.t.s.i.e.GenerationTargetToDatabase   : HHH000476: Executing script '[injected ScriptSourceInputNonExistentImpl script]'
2023-07-03T14:37:17.679+09:00  INFO 8436 --- [    Test worker] j.LocalContainerEntityManagerFactoryBean : Initialized JPA EntityManagerFactory for persistence unit 'default'
2023-07-03T14:37:17.834+09:00  WARN 8436 --- [    Test worker] JpaBaseConfiguration$JpaWebConfiguration : spring.jpa.open-in-view is enabled by default. Therefore, database queries may be performed during view rendering. Explicitly configure spring.jpa.open-in-view to disable this warning
2023-07-03T14:37:17.975+09:00  INFO 8436 --- [    Test worker] o.s.b.a.w.s.WelcomePageHandlerMapping    : Adding welcome page: class path resource [static/index.html]
2023-07-03T14:37:18.093+09:00  INFO 8436 --- [    Test worker] o.s.b.a.h2.H2ConsoleAutoConfiguration    : H2 console available at '/h2-console'. Database available at 'jdbc:h2:mem:testdb'
2023-07-03T14:37:18.169+09:00  INFO 8436 --- [    Test worker] spring.MainTest                          : Started MainTest in 2.963 seconds (process running for 3.964)
]]></system-out>
  <system-err><![CDATA[]]></system-err>
</testsuite>
